This file contains any messages produced by compilers while
running configure, to aid debugging if configure makes a mistake.

It was created by json-c configure 0.10, which was
generated by GNU Autoconf 2.67.  Invocation command line was

  $ ./configure --disable-option-checking --prefix=/usr --sysconfdir=/etc --cache-file=/dev/null --srcdir=.

## --------- ##
## Platform. ##
## --------- ##

hostname = us-wdc-sl01.5centscdn.com
uname -m = x86_64
uname -r = 2.6.32-5-amd64
uname -s = Linux
uname -v = #1 SMP Fri May 10 08:43:19 UTC 2013

/usr/bin/uname -p = unknown
/bin/uname -X     = unknown

/bin/arch              = unknown
/usr/bin/arch -k       = unknown
/usr/convex/getsysinfo = unknown
/usr/bin/hostinfo      = unknown
/bin/machine           = unknown
/usr/bin/oslevel       = unknown
/bin/universe          = unknown

PATH: /usr/local/sbin
PATH: /usr/local/bin
PATH: /usr/sbin
PATH: /usr/bin
PATH: /sbin
PATH: /bin


## ----------- ##
## Core tests. ##
## ----------- ##

configure:2402: checking for a BSD-compatible install
configure:2470: result: /usr/bin/install -c
configure:2481: checking whether build environment is sane
configure:2531: result: yes
configure:2672: checking for a thread-safe mkdir -p
configure:2711: result: /bin/mkdir -p
configure:2724: checking for gawk
configure:2740: found /usr/bin/gawk
configure:2751: result: gawk
configure:2762: checking whether make sets $(MAKE)
configure:2784: result: yes
configure:2884: checking for style of include used by make
configure:2912: result: GNU
configure:2982: checking for gcc
configure:2998: found /usr/bin/gcc
configure:3009: result: gcc
configure:3238: checking for C compiler version
configure:3247: gcc --version >&5
gcc (Debian 4.4.5-8) 4.4.5
Copyright (C) 2010 Free Software Foundation, Inc.
This is free software; see the source for copying conditions.  There is NO
warranty; not even for MERCHANTABILITY or FITNESS FOR A PARTICULAR PURPOSE.

configure:3258: $? = 0
configure:3247: gcc -v >&5
Using built-in specs.
Target: x86_64-linux-gnu
Configured with: ../src/configure -v --with-pkgversion='Debian 4.4.5-8' --with-bugurl=file:///usr/share/doc/gcc-4.4/README.Bugs --enable-languages=c,c++,fortran,objc,obj-c++ --prefix=/usr --program-suffix=-4.4 --enable-shared --enable-multiarch --enable-linker-build-id --with-system-zlib --libexecdir=/usr/lib --without-included-gettext --enable-threads=posix --with-gxx-include-dir=/usr/include/c++/4.4 --libdir=/usr/lib --enable-nls --enable-clocale=gnu --enable-libstdcxx-debug --enable-objc-gc --with-arch-32=i586 --with-tune=generic --enable-checking=release --build=x86_64-linux-gnu --host=x86_64-linux-gnu --target=x86_64-linux-gnu
Thread model: posix
gcc version 4.4.5 (Debian 4.4.5-8) 
configure:3258: $? = 0
configure:3247: gcc -V >&5
gcc: '-V' option must have argument
configure:3258: $? = 1
configure:3247: gcc -qversion >&5
gcc: unrecognized option '-qversion'
gcc: no input files
configure:3258: $? = 1
configure:3278: checking whether the C compiler works
configure:3300: gcc    conftest.c  >&5
configure:3304: $? = 0
configure:3352: result: yes
configure:3355: checking for C compiler default output file name
configure:3357: result: a.out
configure:3363: checking for suffix of executables
configure:3370: gcc -o conftest    conftest.c  >&5
configure:3374: $? = 0
configure:3396: result: 
configure:3418: checking whether we are cross compiling
configure:3426: gcc -o conftest    conftest.c  >&5
configure:3430: $? = 0
configure:3437: ./conftest
configure:3441: $? = 0
configure:3456: result: no
configure:3461: checking for suffix of object files
configure:3483: gcc -c   conftest.c >&5
configure:3487: $? = 0
configure:3508: result: o
configure:3512: checking whether we are using the GNU C compiler
configure:3531: gcc -c   conftest.c >&5
configure:3531: $? = 0
configure:3540: result: yes
configure:3549: checking whether gcc accepts -g
configure:3569: gcc -c -g  conftest.c >&5
configure:3569: $? = 0
configure:3610: result: yes
configure:3627: checking for gcc option to accept ISO C89
configure:3691: gcc  -c -g -O2  conftest.c >&5
configure:3691: $? = 0
configure:3704: result: none needed
configure:3726: checking dependency style of gcc
configure:3836: result: gcc3
configure:3857: checking how to run the C preprocessor
configure:3888: gcc -E  conftest.c
configure:3888: $? = 0
configure:3902: gcc -E  conftest.c
conftest.c:11:28: error: ac_nonexistent.h: No such file or directory
configure:3902: $? = 1
configure: failed program was:
| /* confdefs.h */
| #define PACKAGE_NAME "json-c"
| #define PACKAGE_TARNAME "json-c"
| #define PACKAGE_VERSION "0.10"
| #define PACKAGE_STRING "json-c 0.10"
| #define PACKAGE_BUGREPORT "michael@metaparadigm.com"
| #define PACKAGE_URL ""
| #define PACKAGE "json-c"
| #define VERSION "0.10"
| /* end confdefs.h.  */
| #include <ac_nonexistent.h>
configure:3927: result: gcc -E
configure:3947: gcc -E  conftest.c
configure:3947: $? = 0
configure:3961: gcc -E  conftest.c
conftest.c:11:28: error: ac_nonexistent.h: No such file or directory
configure:3961: $? = 1
configure: failed program was:
| /* confdefs.h */
| #define PACKAGE_NAME "json-c"
| #define PACKAGE_TARNAME "json-c"
| #define PACKAGE_VERSION "0.10"
| #define PACKAGE_STRING "json-c 0.10"
| #define PACKAGE_BUGREPORT "michael@metaparadigm.com"
| #define PACKAGE_URL ""
| #define PACKAGE "json-c"
| #define VERSION "0.10"
| /* end confdefs.h.  */
| #include <ac_nonexistent.h>
configure:3990: checking for grep that handles long lines and -e
configure:4048: result: /bin/grep
configure:4053: checking for egrep
configure:4115: result: /bin/grep -E
configure:4120: checking for ANSI C header files
configure:4140: gcc -c -g -O2  conftest.c >&5
configure:4140: $? = 0
configure:4213: gcc -o conftest -g -O2   conftest.c  >&5
configure:4213: $? = 0
configure:4213: ./conftest
configure:4213: $? = 0
configure:4224: result: yes
configure:4237: checking for sys/types.h
configure:4237: gcc -c -g -O2  conftest.c >&5
configure:4237: $? = 0
configure:4237: result: yes
configure:4237: checking for sys/stat.h
configure:4237: gcc -c -g -O2  conftest.c >&5
configure:4237: $? = 0
configure:4237: result: yes
configure:4237: checking for stdlib.h
configure:4237: gcc -c -g -O2  conftest.c >&5
configure:4237: $? = 0
configure:4237: result: yes
configure:4237: checking for string.h
configure:4237: gcc -c -g -O2  conftest.c >&5
configure:4237: $? = 0
configure:4237: result: yes
configure:4237: checking for memory.h
configure:4237: gcc -c -g -O2  conftest.c >&5
configure:4237: $? = 0
configure:4237: result: yes
configure:4237: checking for strings.h
configure:4237: gcc -c -g -O2  conftest.c >&5
configure:4237: $? = 0
configure:4237: result: yes
configure:4237: checking for inttypes.h
configure:4237: gcc -c -g -O2  conftest.c >&5
configure:4237: $? = 0
configure:4237: result: yes
configure:4237: checking for stdint.h
configure:4237: gcc -c -g -O2  conftest.c >&5
configure:4237: $? = 0
configure:4237: result: yes
configure:4237: checking for unistd.h
configure:4237: gcc -c -g -O2  conftest.c >&5
configure:4237: $? = 0
configure:4237: result: yes
configure:4252: checking fcntl.h usability
configure:4252: gcc -c -g -O2  conftest.c >&5
configure:4252: $? = 0
configure:4252: result: yes
configure:4252: checking fcntl.h presence
configure:4252: gcc -E  conftest.c
configure:4252: $? = 0
configure:4252: result: yes
configure:4252: checking for fcntl.h
configure:4252: result: yes
configure:4252: checking limits.h usability
configure:4252: gcc -c -g -O2  conftest.c >&5
configure:4252: $? = 0
configure:4252: result: yes
configure:4252: checking limits.h presence
configure:4252: gcc -E  conftest.c
configure:4252: $? = 0
configure:4252: result: yes
configure:4252: checking for limits.h
configure:4252: result: yes
configure:4252: checking for strings.h
configure:4252: result: yes
configure:4252: checking syslog.h usability
configure:4252: gcc -c -g -O2  conftest.c >&5
configure:4252: $? = 0
configure:4252: result: yes
configure:4252: checking syslog.h presence
configure:4252: gcc -E  conftest.c
configure:4252: $? = 0
configure:4252: result: yes
configure:4252: checking for syslog.h
configure:4252: result: yes
configure:4252: checking for unistd.h
configure:4252: result: yes
configure:4252: checking sys/param.h usability
configure:4252: gcc -c -g -O2  conftest.c >&5
configure:4252: $? = 0
configure:4252: result: yes
configure:4252: checking sys/param.h presence
configure:4252: gcc -E  conftest.c
configure:4252: $? = 0
configure:4252: result: yes
configure:4252: checking for sys/param.h
configure:4252: result: yes
configure:4252: checking stdarg.h usability
configure:4252: gcc -c -g -O2  conftest.c >&5
configure:4252: $? = 0
configure:4252: result: yes
configure:4252: checking stdarg.h presence
configure:4252: gcc -E  conftest.c
configure:4252: $? = 0
configure:4252: result: yes
configure:4252: checking for stdarg.h
configure:4252: result: yes
configure:4264: checking for an ANSI C-conforming const
configure:4329: gcc -c -g -O2  conftest.c >&5
configure:4329: $? = 0
configure:4336: result: yes
configure:4344: checking for size_t
configure:4344: gcc -c -g -O2  conftest.c >&5
configure:4344: $? = 0
configure:4344: gcc -c -g -O2  conftest.c >&5
conftest.c: In function 'main':
conftest.c:64: error: expected expression before ')' token
configure:4344: $? = 1
configure: failed program was:
| /* confdefs.h */
| #define PACKAGE_NAME "json-c"
| #define PACKAGE_TARNAME "json-c"
| #define PACKAGE_VERSION "0.10"
| #define PACKAGE_STRING "json-c 0.10"
| #define PACKAGE_BUGREPORT "michael@metaparadigm.com"
| #define PACKAGE_URL ""
| #define PACKAGE "json-c"
| #define VERSION "0.10"
| #define STDC_HEADERS 1
| #define HAVE_SYS_TYPES_H 1
| #define HAVE_SYS_STAT_H 1
| #define HAVE_STDLIB_H 1
| #define HAVE_STRING_H 1
| #define HAVE_MEMORY_H 1
| #define HAVE_STRINGS_H 1
| #define HAVE_INTTYPES_H 1
| #define HAVE_STDINT_H 1
| #define HAVE_UNISTD_H 1
| #define HAVE_FCNTL_H 1
| #define HAVE_LIMITS_H 1
| #define HAVE_STRINGS_H 1
| #define HAVE_SYSLOG_H 1
| #define HAVE_UNISTD_H 1
| #define HAVE_SYS_PARAM_H 1
| #define HAVE_STDARG_H 1
| /* end confdefs.h.  */
| #include <stdio.h>
| #ifdef HAVE_SYS_TYPES_H
| # include <sys/types.h>
| #endif
| #ifdef HAVE_SYS_STAT_H
| # include <sys/stat.h>
| #endif
| #ifdef STDC_HEADERS
| # include <stdlib.h>
| # include <stddef.h>
| #else
| # ifdef HAVE_STDLIB_H
| #  include <stdlib.h>
| # endif
| #endif
| #ifdef HAVE_STRING_H
| # if !defined STDC_HEADERS && defined HAVE_MEMORY_H
| #  include <memory.h>
| # endif
| # include <string.h>
| #endif
| #ifdef HAVE_STRINGS_H
| # include <strings.h>
| #endif
| #ifdef HAVE_INTTYPES_H
| # include <inttypes.h>
| #endif
| #ifdef HAVE_STDINT_H
| # include <stdint.h>
| #endif
| #ifdef HAVE_UNISTD_H
| # include <unistd.h>
| #endif
| int
| main ()
| {
| if (sizeof ((size_t)))
| 	    return 0;
|   ;
|   return 0;
| }
configure:4344: result: yes
configure:4359: checking for vprintf
configure:4359: gcc -o conftest -g -O2   conftest.c  >&5
conftest.c:51: warning: conflicting types for built-in function 'vprintf'
configure:4359: $? = 0
configure:4359: result: yes
configure:4365: checking for _doprnt
configure:4365: gcc -o conftest -g -O2   conftest.c  >&5
/tmp/ccnUGUNM.o: In function `main':
/root/das_new.svn/lib/json-c/conftest.c:63: undefined reference to `_doprnt'
collect2: ld returned 1 exit status
configure:4365: $? = 1
configure: failed program was:
| /* confdefs.h */
| #define PACKAGE_NAME "json-c"
| #define PACKAGE_TARNAME "json-c"
| #define PACKAGE_VERSION "0.10"
| #define PACKAGE_STRING "json-c 0.10"
| #define PACKAGE_BUGREPORT "michael@metaparadigm.com"
| #define PACKAGE_URL ""
| #define PACKAGE "json-c"
| #define VERSION "0.10"
| #define STDC_HEADERS 1
| #define HAVE_SYS_TYPES_H 1
| #define HAVE_SYS_STAT_H 1
| #define HAVE_STDLIB_H 1
| #define HAVE_STRING_H 1
| #define HAVE_MEMORY_H 1
| #define HAVE_STRINGS_H 1
| #define HAVE_INTTYPES_H 1
| #define HAVE_STDINT_H 1
| #define HAVE_UNISTD_H 1
| #define HAVE_FCNTL_H 1
| #define HAVE_LIMITS_H 1
| #define HAVE_STRINGS_H 1
| #define HAVE_SYSLOG_H 1
| #define HAVE_UNISTD_H 1
| #define HAVE_SYS_PARAM_H 1
| #define HAVE_STDARG_H 1
| #define HAVE_VPRINTF 1
| /* end confdefs.h.  */
| /* Define _doprnt to an innocuous variant, in case <limits.h> declares _doprnt.
|    For example, HP-UX 11i <limits.h> declares gettimeofday.  */
| #define _doprnt innocuous__doprnt
| 
| /* System header to define __stub macros and hopefully few prototypes,
|     which can conflict with char _doprnt (); below.
|     Prefer <limits.h> to <assert.h> if __STDC__ is defined, since
|     <limits.h> exists even on freestanding compilers.  */
| 
| #ifdef __STDC__
| # include <limits.h>
| #else
| # include <assert.h>
| #endif
| 
| #undef _doprnt
| 
| /* Override any GCC internal prototype to avoid an error.
|    Use char because int might match the return type of a GCC
|    builtin and then its argument prototype would still apply.  */
| #ifdef __cplusplus
| extern "C"
| #endif
| char _doprnt ();
| /* The GNU C library defines this for functions which it implements
|     to always fail with ENOSYS.  Some functions are actually named
|     something starting with __ and the normal name is an alias.  */
| #if defined __stub__doprnt || defined __stub____doprnt
| choke me
| #endif
| 
| int
| main ()
| {
| return _doprnt ();
|   ;
|   return 0;
| }
configure:4365: result: no
configure:4376: checking for working memcmp
configure:4419: gcc -o conftest -g -O2   conftest.c  >&5
configure:4419: $? = 0
configure:4419: ./conftest
configure:4419: $? = 0
configure:4429: result: yes
configure:4440: checking for stdlib.h
configure:4440: result: yes
configure:4450: checking for GNU libc compatible malloc
configure:4474: gcc -o conftest -g -O2   conftest.c  >&5
configure:4474: $? = 0
configure:4474: ./conftest
configure:4474: $? = 0
configure:4484: result: yes
configure:4507: checking for stdlib.h
configure:4507: result: yes
configure:4517: checking for GNU libc compatible realloc
configure:4541: gcc -o conftest -g -O2   conftest.c  >&5
configure:4541: $? = 0
configure:4541: ./conftest
configure:4541: $? = 0
configure:4551: result: yes
configure:4575: checking for strndup
configure:4575: gcc -o conftest -g -O2   conftest.c  >&5
conftest.c:56: warning: conflicting types for built-in function 'strndup'
configure:4575: $? = 0
configure:4575: result: yes
configure:4575: checking for strerror
configure:4575: gcc -o conftest -g -O2   conftest.c  >&5
configure:4575: $? = 0
configure:4575: result: yes
configure:4575: checking for vsnprintf
configure:4575: gcc -o conftest -g -O2   conftest.c  >&5
conftest.c:58: warning: conflicting types for built-in function 'vsnprintf'
configure:4575: $? = 0
configure:4575: result: yes
configure:4575: checking for vasprintf
configure:4575: gcc -o conftest -g -O2   conftest.c  >&5
configure:4575: $? = 0
configure:4575: result: yes
configure:4575: checking for open
configure:4575: gcc -o conftest -g -O2   conftest.c  >&5
configure:4575: $? = 0
configure:4575: result: yes
configure:4575: checking for vsyslog
configure:4575: gcc -o conftest -g -O2   conftest.c  >&5
configure:4575: $? = 0
configure:4575: result: yes
configure:4575: checking for strncasecmp
configure:4575: gcc -o conftest -g -O2   conftest.c  >&5
conftest.c:62: warning: conflicting types for built-in function 'strncasecmp'
configure:4575: $? = 0
configure:4575: result: yes
configure:4614: checking build system type
configure:4628: result: x86_64-unknown-linux-gnu
configure:4648: checking host system type
configure:4661: result: x86_64-unknown-linux-gnu
configure:4681: checking for a sed that does not truncate output
configure:4745: result: /bin/sed
configure:4763: checking for fgrep
configure:4825: result: /bin/grep -F
configure:4860: checking for ld used by gcc
configure:4927: result: /usr/bin/ld
configure:4934: checking if the linker (/usr/bin/ld) is GNU ld
configure:4949: result: yes
configure:4961: checking for BSD- or MS-compatible name lister (nm)
configure:5010: result: /usr/bin/nm -B
configure:5128: checking the name lister (/usr/bin/nm -B) interface
configure:5135: gcc -c -g -O2  conftest.c >&5
configure:5138: /usr/bin/nm -B "conftest.o"
configure:5141: output
0000000000000000 B some_variable
configure:5148: result: BSD nm
configure:5151: checking whether ln -s works
configure:5155: result: yes
configure:5163: checking the maximum length of command line arguments
configure:5283: result: 1572864
configure:5300: checking whether the shell understands some XSI constructs
configure:5310: result: yes
configure:5314: checking whether the shell understands "+="
configure:5320: result: yes
configure:5355: checking for /usr/bin/ld option to reload object files
configure:5362: result: -r
configure:5431: checking for objdump
configure:5447: found /usr/bin/objdump
configure:5458: result: objdump
configure:5490: checking how to recognize dependent libraries
configure:5686: result: pass_all
configure:5746: checking for ar
configure:5762: found /usr/bin/ar
configure:5773: result: ar
configure:5851: checking for strip
configure:5867: found /usr/bin/strip
configure:5878: result: strip
configure:5950: checking for ranlib
configure:5966: found /usr/bin/ranlib
configure:5977: result: ranlib
configure:6067: checking command to parse /usr/bin/nm -B output from gcc object
configure:6185: gcc -c -g -O2  conftest.c >&5
configure:6188: $? = 0
configure:6192: /usr/bin/nm -B conftest.o \| sed -n -e 's/^.*[	 ]\([ABCDGIRSTW][ABCDGIRSTW]*\)[	 ][	 ]*\([_A-Za-z][_A-Za-z0-9]*\)$/\1 \2 \2/p' \> conftest.nm
configure:6195: $? = 0
configure:6249: gcc -o conftest -g -O2   conftest.c conftstm.o >&5
configure:6252: $? = 0
configure:6290: result: ok
configure:6385: gcc -c -g -O2  conftest.c >&5
configure:6388: $? = 0
configure:7095: checking for dlfcn.h
configure:7095: gcc -c -g -O2  conftest.c >&5
configure:7095: $? = 0
configure:7095: result: yes
configure:7279: checking for objdir
configure:7294: result: .libs
configure:7586: checking if gcc supports -fno-rtti -fno-exceptions
configure:7604: gcc -c -g -O2  -fno-rtti -fno-exceptions conftest.c >&5
cc1: warning: command line option "-fno-rtti" is valid for C++/ObjC++ but not for C
configure:7608: $? = 0
configure:7621: result: no
configure:7641: checking for gcc option to produce PIC
configure:7913: result: -fPIC -DPIC
configure:7925: checking if gcc PIC flag -fPIC -DPIC works
configure:7943: gcc -c -g -O2  -fPIC -DPIC -DPIC conftest.c >&5
configure:7947: $? = 0
configure:7960: result: yes
configure:7984: checking if gcc static flag -static works
configure:8012: result: yes
configure:8027: checking if gcc supports -c -o file.o
configure:8048: gcc -c -g -O2  -o out/conftest2.o conftest.c >&5
configure:8052: $? = 0
configure:8074: result: yes
configure:8082: checking if gcc supports -c -o file.o
configure:8129: result: yes
configure:8162: checking whether the gcc linker (/usr/bin/ld -m elf_x86_64) supports shared libraries
configure:9153: result: yes
configure:9190: checking whether -lc should be explicitly linked in
configure:9195: gcc -c -g -O2  conftest.c >&5
configure:9198: $? = 0
configure:9213: gcc -shared conftest.o  -v -Wl,-soname -Wl,conftest -o conftest 2\>\&1 \| /bin/grep  -lc  \>/dev/null 2\>\&1
configure:9216: $? = 0
configure:9228: result: no
configure:9392: checking dynamic linker characteristics
configure:9825: gcc -o conftest -g -O2   -Wl,-rpath -Wl,/foo conftest.c  >&5
configure:9825: $? = 0
configure:10055: result: GNU/Linux ld.so
configure:10157: checking how to hardcode library paths into programs
configure:10182: result: immediate
configure:10702: checking whether stripping libraries is possible
configure:10707: result: yes
configure:10742: checking if libtool supports shared libraries
configure:10744: result: yes
configure:10747: checking whether to build shared libraries
configure:10768: result: yes
configure:10771: checking whether to build static libraries
configure:10775: result: yes
configure:10932: creating ./config.status

## ---------------------- ##
## Running config.status. ##
## ---------------------- ##

This file was extended by json-c config.status 0.10, which was
generated by GNU Autoconf 2.67.  Invocation command line was

  CONFIG_FILES    = 
  CONFIG_HEADERS  = 
  CONFIG_LINKS    = 
  CONFIG_COMMANDS = 
  $ ./config.status 

on us-wdc-sl01.5centscdn.com

config.status:1088: creating Makefile
config.status:1088: creating json.pc
config.status:1088: creating config.h
config.status:1268: config.h is unchanged
config.status:1316: executing depfiles commands
config.status:1316: executing libtool commands

## ---------------- ##
## Cache variables. ##
## ---------------- ##

ac_cv_build=x86_64-unknown-linux-gnu
ac_cv_c_compiler_gnu=yes
ac_cv_c_const=yes
ac_cv_env_CC_set=
ac_cv_env_CC_value=
ac_cv_env_CFLAGS_set=
ac_cv_env_CFLAGS_value=
ac_cv_env_CPPFLAGS_set=
ac_cv_env_CPPFLAGS_value=
ac_cv_env_CPP_set=
ac_cv_env_CPP_value=
ac_cv_env_LDFLAGS_set=
ac_cv_env_LDFLAGS_value=
ac_cv_env_LIBS_set=
ac_cv_env_LIBS_value=
ac_cv_env_build_alias_set=
ac_cv_env_build_alias_value=
ac_cv_env_host_alias_set=
ac_cv_env_host_alias_value=
ac_cv_env_target_alias_set=
ac_cv_env_target_alias_value=
ac_cv_func__doprnt=no
ac_cv_func_malloc_0_nonnull=yes
ac_cv_func_memcmp_working=yes
ac_cv_func_open=yes
ac_cv_func_realloc_0_nonnull=yes
ac_cv_func_strerror=yes
ac_cv_func_strncasecmp=yes
ac_cv_func_strndup=yes
ac_cv_func_vasprintf=yes
ac_cv_func_vprintf=yes
ac_cv_func_vsnprintf=yes
ac_cv_func_vsyslog=yes
ac_cv_header_dlfcn_h=yes
ac_cv_header_fcntl_h=yes
ac_cv_header_inttypes_h=yes
ac_cv_header_limits_h=yes
ac_cv_header_memory_h=yes
ac_cv_header_stdarg_h=yes
ac_cv_header_stdc=yes
ac_cv_header_stdint_h=yes
ac_cv_header_stdlib_h=yes
ac_cv_header_string_h=yes
ac_cv_header_strings_h=yes
ac_cv_header_sys_param_h=yes
ac_cv_header_sys_stat_h=yes
ac_cv_header_sys_types_h=yes
ac_cv_header_syslog_h=yes
ac_cv_header_unistd_h=yes
ac_cv_host=x86_64-unknown-linux-gnu
ac_cv_objext=o
ac_cv_path_EGREP='/bin/grep -E'
ac_cv_path_FGREP='/bin/grep -F'
ac_cv_path_GREP=/bin/grep
ac_cv_path_SED=/bin/sed
ac_cv_path_install='/usr/bin/install -c'
ac_cv_path_mkdir=/bin/mkdir
ac_cv_prog_AWK=gawk
ac_cv_prog_CPP='gcc -E'
ac_cv_prog_ac_ct_AR=ar
ac_cv_prog_ac_ct_CC=gcc
ac_cv_prog_ac_ct_OBJDUMP=objdump
ac_cv_prog_ac_ct_RANLIB=ranlib
ac_cv_prog_ac_ct_STRIP=strip
ac_cv_prog_cc_c89=
ac_cv_prog_cc_g=yes
ac_cv_prog_make_make_set=yes
ac_cv_type_size_t=yes
am_cv_CC_dependencies_compiler_type=gcc3
lt_cv_deplibs_check_method=pass_all
lt_cv_file_magic_cmd='$MAGIC_CMD'
lt_cv_file_magic_test_file=
lt_cv_ld_reload_flag=-r
lt_cv_nm_interface='BSD nm'
lt_cv_objdir=.libs
lt_cv_path_LD=/usr/bin/ld
lt_cv_path_NM='/usr/bin/nm -B'
lt_cv_prog_compiler_c_o=yes
lt_cv_prog_compiler_pic_works=yes
lt_cv_prog_compiler_rtti_exceptions=no
lt_cv_prog_compiler_static_works=yes
lt_cv_prog_gnu_ld=yes
lt_cv_sys_global_symbol_pipe='sed -n -e '\''s/^.*[	 ]\([ABCDGIRSTW][ABCDGIRSTW]*\)[	 ][	 ]*\([_A-Za-z][_A-Za-z0-9]*\)$/\1 \2 \2/p'\'''
lt_cv_sys_global_symbol_to_c_name_address='sed -n -e '\''s/^: \([^ ]*\) $/  {\"\1\", (void *) 0},/p'\'' -e '\''s/^[ABCDGIRSTW]* \([^ ]*\) \([^ ]*\)$/  {"\2", (void *) \&\2},/p'\'''
lt_cv_sys_global_symbol_to_c_name_address_lib_prefix='sed -n -e '\''s/^: \([^ ]*\) $/  {\"\1\", (void *) 0},/p'\'' -e '\''s/^[ABCDGIRSTW]* \([^ ]*\) \(lib[^ ]*\)$/  {"\2", (void *) \&\2},/p'\'' -e '\''s/^[ABCDGIRSTW]* \([^ ]*\) \([^ ]*\)$/  {"lib\2", (void *) \&\2},/p'\'''
lt_cv_sys_global_symbol_to_cdecl='sed -n -e '\''s/^T .* \(.*\)$/extern int \1();/p'\'' -e '\''s/^[ABCDGIRSTW]* .* \(.*\)$/extern char \1;/p'\'''
lt_cv_sys_max_cmd_len=1572864

## ----------------- ##
## Output variables. ##
## ----------------- ##

ACLOCAL='${SHELL} /root/das_new.svn/missing --run aclocal-1.11'
AMDEPBACKSLASH='\'
AMDEP_FALSE='#'
AMDEP_TRUE=''
AMTAR='${SHELL} /root/das_new.svn/missing --run tar'
AR='ar'
AUTOCONF='${SHELL} /root/das_new.svn/missing --run autoconf'
AUTOHEADER='${SHELL} /root/das_new.svn/missing --run autoheader'
AUTOMAKE='${SHELL} /root/das_new.svn/missing --run automake-1.11'
AWK='gawk'
CC='gcc'
CCDEPMODE='depmode=gcc3'
CFLAGS='-g -O2'
CPP='gcc -E'
CPPFLAGS=''
CYGPATH_W='echo'
DEFS='-DHAVE_CONFIG_H'
DEPDIR='.deps'
DSYMUTIL=''
DUMPBIN=''
ECHO_C=''
ECHO_N='-n'
ECHO_T=''
EGREP='/bin/grep -E'
EXEEXT=''
FGREP='/bin/grep -F'
GREP='/bin/grep'
INSTALL_DATA='${INSTALL} -m 644'
INSTALL_PROGRAM='${INSTALL}'
INSTALL_SCRIPT='${INSTALL}'
INSTALL_STRIP_PROGRAM='$(install_sh) -c -s'
LD='/usr/bin/ld -m elf_x86_64'
LDFLAGS=''
LIBOBJS=''
LIBS=''
LIBTOOL='$(SHELL) $(top_builddir)/libtool'
LIPO=''
LN_S='ln -s'
LTLIBOBJS=''
MAKEINFO='${SHELL} /root/das_new.svn/missing --run makeinfo'
MKDIR_P='/bin/mkdir -p'
NM='/usr/bin/nm -B'
NMEDIT=''
OBJDUMP='objdump'
OBJEXT='o'
OTOOL64=''
OTOOL=''
PACKAGE='json-c'
PACKAGE_BUGREPORT='michael@metaparadigm.com'
PACKAGE_NAME='json-c'
PACKAGE_STRING='json-c 0.10'
PACKAGE_TARNAME='json-c'
PACKAGE_URL=''
PACKAGE_VERSION='0.10'
PATH_SEPARATOR=':'
RANLIB='ranlib'
SED='/bin/sed'
SET_MAKE=''
SHELL='/bin/bash'
STRIP='strip'
VERSION='0.10'
ac_ct_CC='gcc'
ac_ct_DUMPBIN=''
am__EXEEXT_FALSE=''
am__EXEEXT_TRUE='#'
am__fastdepCC_FALSE='#'
am__fastdepCC_TRUE=''
am__include='include'
am__isrc=''
am__leading_dot='.'
am__quote=''
am__tar='${AMTAR} chof - "$$tardir"'
am__untar='${AMTAR} xf -'
bindir='${exec_prefix}/bin'
build='x86_64-unknown-linux-gnu'
build_alias=''
build_cpu='x86_64'
build_os='linux-gnu'
build_vendor='unknown'
datadir='${datarootdir}'
datarootdir='${prefix}/share'
docdir='${datarootdir}/doc/${PACKAGE_TARNAME}'
dvidir='${docdir}'
exec_prefix='${prefix}'
host='x86_64-unknown-linux-gnu'
host_alias=''
host_cpu='x86_64'
host_os='linux-gnu'
host_vendor='unknown'
htmldir='${docdir}'
includedir='${prefix}/include'
infodir='${datarootdir}/info'
install_sh='${SHELL} /root/das_new.svn/install-sh'
libdir='${exec_prefix}/lib'
libexecdir='${exec_prefix}/libexec'
localedir='${datarootdir}/locale'
localstatedir='${prefix}/var'
lt_ECHO='echo'
mandir='${datarootdir}/man'
mkdir_p='/bin/mkdir -p'
oldincludedir='/usr/include'
pdfdir='${docdir}'
prefix='/usr'
program_transform_name='s,x,x,'
psdir='${docdir}'
sbindir='${exec_prefix}/sbin'
sharedstatedir='${prefix}/com'
sysconfdir='/etc'
target_alias=''

## ----------- ##
## confdefs.h. ##
## ----------- ##

/* confdefs.h */
#define PACKAGE_NAME "json-c"
#define PACKAGE_TARNAME "json-c"
#define PACKAGE_VERSION "0.10"
#define PACKAGE_STRING "json-c 0.10"
#define PACKAGE_BUGREPORT "michael@metaparadigm.com"
#define PACKAGE_URL ""
#define PACKAGE "json-c"
#define VERSION "0.10"
#define STDC_HEADERS 1
#define HAVE_SYS_TYPES_H 1
#define HAVE_SYS_STAT_H 1
#define HAVE_STDLIB_H 1
#define HAVE_STRING_H 1
#define HAVE_MEMORY_H 1
#define HAVE_STRINGS_H 1
#define HAVE_INTTYPES_H 1
#define HAVE_STDINT_H 1
#define HAVE_UNISTD_H 1
#define HAVE_FCNTL_H 1
#define HAVE_LIMITS_H 1
#define HAVE_STRINGS_H 1
#define HAVE_SYSLOG_H 1
#define HAVE_UNISTD_H 1
#define HAVE_SYS_PARAM_H 1
#define HAVE_STDARG_H 1
#define HAVE_VPRINTF 1
#define HAVE_STDLIB_H 1
#define HAVE_MALLOC 1
#define HAVE_STDLIB_H 1
#define HAVE_REALLOC 1
#define HAVE_STRNDUP 1
#define HAVE_STRERROR 1
#define HAVE_VSNPRINTF 1
#define HAVE_VASPRINTF 1
#define HAVE_OPEN 1
#define HAVE_VSYSLOG 1
#define HAVE_STRNCASECMP 1
#define HAVE_DLFCN_H 1
#define LT_OBJDIR ".libs/"

configure: exit 0

## ---------------------- ##
## Running config.status. ##
## ---------------------- ##

This file was extended by json-c config.status 0.10, which was
generated by GNU Autoconf 2.67.  Invocation command line was

  CONFIG_FILES    = 
  CONFIG_HEADERS  = 
  CONFIG_LINKS    = 
  CONFIG_COMMANDS = 
  $ ./config.status config.h

on us-wdc-sl01.5centscdn.com

config.status:1088: creating config.h
config.status:1268: config.h is unchanged
