This file contains any messages produced by compilers while
running configure, to aid debugging if configure makes a mistake.

It was created by DaS configure 1.0, which was
generated by GNU Autoconf 2.67.  Invocation command line was

  $ ./configure --prefix=/usr --sysconfdir=/etc

## --------- ##
## Platform. ##
## --------- ##

hostname = us-wdc-sl01.5centscdn.com
uname -m = x86_64
uname -r = 2.6.32-5-amd64
uname -s = Linux
uname -v = #1 SMP Fri May 10 08:43:19 UTC 2013

/usr/bin/uname -p = unknown
/bin/uname -X     = unknown

/bin/arch              = unknown
/usr/bin/arch -k       = unknown
/usr/convex/getsysinfo = unknown
/usr/bin/hostinfo      = unknown
/bin/machine           = unknown
/usr/bin/oslevel       = unknown
/bin/universe          = unknown

PATH: /usr/local/sbin
PATH: /usr/local/bin
PATH: /usr/sbin
PATH: /usr/bin
PATH: /sbin
PATH: /bin


## ----------- ##
## Core tests. ##
## ----------- ##

configure:2272: checking for a BSD-compatible install
configure:2340: result: /usr/bin/install -c
configure:2351: checking whether build environment is sane
configure:2401: result: yes
configure:2542: checking for a thread-safe mkdir -p
configure:2581: result: /bin/mkdir -p
configure:2594: checking for gawk
configure:2610: found /usr/bin/gawk
configure:2621: result: gawk
configure:2632: checking whether make sets $(MAKE)
configure:2654: result: yes
configure:2754: checking build system type
configure:2768: result: x86_64-unknown-linux-gnu
configure:2788: checking host system type
configure:2801: result: x86_64-unknown-linux-gnu
configure:2833: checking for style of include used by make
configure:2861: result: GNU
configure:2931: checking for gcc
configure:2947: found /usr/bin/gcc
configure:2958: result: gcc
configure:3187: checking for C compiler version
configure:3196: gcc --version >&5
gcc (Debian 4.4.5-8) 4.4.5
Copyright (C) 2010 Free Software Foundation, Inc.
This is free software; see the source for copying conditions.  There is NO
warranty; not even for MERCHANTABILITY or FITNESS FOR A PARTICULAR PURPOSE.

configure:3207: $? = 0
configure:3196: gcc -v >&5
Using built-in specs.
Target: x86_64-linux-gnu
Configured with: ../src/configure -v --with-pkgversion='Debian 4.4.5-8' --with-bugurl=file:///usr/share/doc/gcc-4.4/README.Bugs --enable-languages=c,c++,fortran,objc,obj-c++ --prefix=/usr --program-suffix=-4.4 --enable-shared --enable-multiarch --enable-linker-build-id --with-system-zlib --libexecdir=/usr/lib --without-included-gettext --enable-threads=posix --with-gxx-include-dir=/usr/include/c++/4.4 --libdir=/usr/lib --enable-nls --enable-clocale=gnu --enable-libstdcxx-debug --enable-objc-gc --with-arch-32=i586 --with-tune=generic --enable-checking=release --build=x86_64-linux-gnu --host=x86_64-linux-gnu --target=x86_64-linux-gnu
Thread model: posix
gcc version 4.4.5 (Debian 4.4.5-8) 
configure:3207: $? = 0
configure:3196: gcc -V >&5
gcc: '-V' option must have argument
configure:3207: $? = 1
configure:3196: gcc -qversion >&5
gcc: unrecognized option '-qversion'
gcc: no input files
configure:3207: $? = 1
configure:3227: checking whether the C compiler works
configure:3249: gcc    conftest.c  >&5
configure:3253: $? = 0
configure:3301: result: yes
configure:3304: checking for C compiler default output file name
configure:3306: result: a.out
configure:3312: checking for suffix of executables
configure:3319: gcc -o conftest    conftest.c  >&5
configure:3323: $? = 0
configure:3345: result: 
configure:3367: checking whether we are cross compiling
configure:3375: gcc -o conftest    conftest.c  >&5
configure:3379: $? = 0
configure:3386: ./conftest
configure:3390: $? = 0
configure:3405: result: no
configure:3410: checking for suffix of object files
configure:3432: gcc -c   conftest.c >&5
configure:3436: $? = 0
configure:3457: result: o
configure:3461: checking whether we are using the GNU C compiler
configure:3480: gcc -c   conftest.c >&5
configure:3480: $? = 0
configure:3489: result: yes
configure:3498: checking whether gcc accepts -g
configure:3518: gcc -c -g  conftest.c >&5
configure:3518: $? = 0
configure:3559: result: yes
configure:3576: checking for gcc option to accept ISO C89
configure:3640: gcc  -c -g -O2  conftest.c >&5
configure:3640: $? = 0
configure:3653: result: none needed
configure:3675: checking dependency style of gcc
configure:3785: result: gcc3
configure:3800: checking for a sed that does not truncate output
configure:3864: result: /bin/sed
configure:3882: checking for grep that handles long lines and -e
configure:3940: result: /bin/grep
configure:3945: checking for egrep
configure:4007: result: /bin/grep -E
configure:4012: checking for fgrep
configure:4074: result: /bin/grep -F
configure:4109: checking for ld used by gcc
configure:4176: result: /usr/bin/ld
configure:4183: checking if the linker (/usr/bin/ld) is GNU ld
configure:4198: result: yes
configure:4210: checking for BSD- or MS-compatible name lister (nm)
configure:4259: result: /usr/bin/nm -B
configure:4377: checking the name lister (/usr/bin/nm -B) interface
configure:4384: gcc -c -g -O2  conftest.c >&5
configure:4387: /usr/bin/nm -B "conftest.o"
configure:4390: output
0000000000000000 B some_variable
configure:4397: result: BSD nm
configure:4400: checking whether ln -s works
configure:4404: result: yes
configure:4412: checking the maximum length of command line arguments
configure:4532: result: 1572864
configure:4549: checking whether the shell understands some XSI constructs
configure:4559: result: yes
configure:4563: checking whether the shell understands "+="
configure:4569: result: yes
configure:4604: checking for /usr/bin/ld option to reload object files
configure:4611: result: -r
configure:4680: checking for objdump
configure:4696: found /usr/bin/objdump
configure:4707: result: objdump
configure:4739: checking how to recognize dependent libraries
configure:4935: result: pass_all
configure:4995: checking for ar
configure:5011: found /usr/bin/ar
configure:5022: result: ar
configure:5100: checking for strip
configure:5116: found /usr/bin/strip
configure:5127: result: strip
configure:5199: checking for ranlib
configure:5215: found /usr/bin/ranlib
configure:5226: result: ranlib
configure:5316: checking command to parse /usr/bin/nm -B output from gcc object
configure:5434: gcc -c -g -O2  conftest.c >&5
configure:5437: $? = 0
configure:5441: /usr/bin/nm -B conftest.o \| sed -n -e 's/^.*[	 ]\([ABCDGIRSTW][ABCDGIRSTW]*\)[	 ][	 ]*\([_A-Za-z][_A-Za-z0-9]*\)$/\1 \2 \2/p' \> conftest.nm
configure:5444: $? = 0
configure:5498: gcc -o conftest -g -O2   conftest.c conftstm.o >&5
configure:5501: $? = 0
configure:5539: result: ok
configure:5635: gcc -c -g -O2  conftest.c >&5
configure:5638: $? = 0
configure:6348: checking how to run the C preprocessor
configure:6379: gcc -E  conftest.c
configure:6379: $? = 0
configure:6393: gcc -E  conftest.c
conftest.c:9:28: error: ac_nonexistent.h: No such file or directory
configure:6393: $? = 1
configure: failed program was:
| /* confdefs.h */
| #define PACKAGE_NAME "DaS"
| #define PACKAGE_TARNAME "das"
| #define PACKAGE_VERSION "1.0"
| #define PACKAGE_STRING "DaS 1.0"
| #define PACKAGE_BUGREPORT "m5l2764k@gmail.com"
| #define PACKAGE_URL ""
| /* end confdefs.h.  */
| #include <ac_nonexistent.h>
configure:6418: result: gcc -E
configure:6438: gcc -E  conftest.c
configure:6438: $? = 0
configure:6452: gcc -E  conftest.c
conftest.c:9:28: error: ac_nonexistent.h: No such file or directory
configure:6452: $? = 1
configure: failed program was:
| /* confdefs.h */
| #define PACKAGE_NAME "DaS"
| #define PACKAGE_TARNAME "das"
| #define PACKAGE_VERSION "1.0"
| #define PACKAGE_STRING "DaS 1.0"
| #define PACKAGE_BUGREPORT "m5l2764k@gmail.com"
| #define PACKAGE_URL ""
| /* end confdefs.h.  */
| #include <ac_nonexistent.h>
configure:6481: checking for ANSI C header files
configure:6501: gcc -c -g -O2  conftest.c >&5
configure:6501: $? = 0
configure:6574: gcc -o conftest -g -O2   conftest.c  >&5
configure:6574: $? = 0
configure:6574: ./conftest
configure:6574: $? = 0
configure:6585: result: yes
configure:6598: checking for sys/types.h
configure:6598: gcc -c -g -O2  conftest.c >&5
configure:6598: $? = 0
configure:6598: result: yes
configure:6598: checking for sys/stat.h
configure:6598: gcc -c -g -O2  conftest.c >&5
configure:6598: $? = 0
configure:6598: result: yes
configure:6598: checking for stdlib.h
configure:6598: gcc -c -g -O2  conftest.c >&5
configure:6598: $? = 0
configure:6598: result: yes
configure:6598: checking for string.h
configure:6598: gcc -c -g -O2  conftest.c >&5
configure:6598: $? = 0
configure:6598: result: yes
configure:6598: checking for memory.h
configure:6598: gcc -c -g -O2  conftest.c >&5
configure:6598: $? = 0
configure:6598: result: yes
configure:6598: checking for strings.h
configure:6598: gcc -c -g -O2  conftest.c >&5
configure:6598: $? = 0
configure:6598: result: yes
configure:6598: checking for inttypes.h
configure:6598: gcc -c -g -O2  conftest.c >&5
configure:6598: $? = 0
configure:6598: result: yes
configure:6598: checking for stdint.h
configure:6598: gcc -c -g -O2  conftest.c >&5
configure:6598: $? = 0
configure:6598: result: yes
configure:6598: checking for unistd.h
configure:6598: gcc -c -g -O2  conftest.c >&5
configure:6598: $? = 0
configure:6598: result: yes
configure:6612: checking for dlfcn.h
configure:6612: gcc -c -g -O2  conftest.c >&5
configure:6612: $? = 0
configure:6612: result: yes
configure:6795: checking for objdir
configure:6810: result: .libs
configure:7106: checking if gcc supports -fno-rtti -fno-exceptions
configure:7124: gcc -c -g -O2  -fno-rtti -fno-exceptions conftest.c >&5
cc1: warning: command line option "-fno-rtti" is valid for C++/ObjC++ but not for C
configure:7128: $? = 0
configure:7141: result: no
configure:7161: checking for gcc option to produce PIC
configure:7433: result: -fPIC -DPIC
configure:7445: checking if gcc PIC flag -fPIC -DPIC works
configure:7463: gcc -c -g -O2  -fPIC -DPIC -DPIC conftest.c >&5
configure:7467: $? = 0
configure:7480: result: yes
configure:7504: checking if gcc static flag -static works
configure:7532: result: yes
configure:7547: checking if gcc supports -c -o file.o
configure:7568: gcc -c -g -O2  -o out/conftest2.o conftest.c >&5
configure:7572: $? = 0
configure:7594: result: yes
configure:7602: checking if gcc supports -c -o file.o
configure:7649: result: yes
configure:7682: checking whether the gcc linker (/usr/bin/ld -m elf_x86_64) supports shared libraries
configure:8673: result: yes
configure:8710: checking whether -lc should be explicitly linked in
configure:8715: gcc -c -g -O2  conftest.c >&5
configure:8718: $? = 0
configure:8733: gcc -shared conftest.o  -v -Wl,-soname -Wl,conftest -o conftest 2\>\&1 \| /bin/grep  -lc  \>/dev/null 2\>\&1
configure:8736: $? = 0
configure:8748: result: no
configure:8912: checking dynamic linker characteristics
configure:9345: gcc -o conftest -g -O2   -Wl,-rpath -Wl,/foo conftest.c  >&5
configure:9345: $? = 0
configure:9575: result: GNU/Linux ld.so
configure:9677: checking how to hardcode library paths into programs
configure:9702: result: immediate
configure:10222: checking whether stripping libraries is possible
configure:10227: result: yes
configure:10262: checking if libtool supports shared libraries
configure:10264: result: yes
configure:10267: checking whether to build shared libraries
configure:10288: result: yes
configure:10291: checking whether to build static libraries
configure:10295: result: no
configure:10334: checking for rpmbuild
configure:10365: result: notfound
configure:10375: checking for rpm
configure:10406: result: notfound
configure:10416: checking for dpkg-buildpackage
configure:10434: found /usr/bin/dpkg-buildpackage
configure:10447: result: /usr/bin/dpkg-buildpackage
configure:10673: creating ./config.status

## ---------------------- ##
## Running config.status. ##
## ---------------------- ##

This file was extended by DaS config.status 1.0, which was
generated by GNU Autoconf 2.67.  Invocation command line was

  CONFIG_FILES    = 
  CONFIG_HEADERS  = 
  CONFIG_LINKS    = 
  CONFIG_COMMANDS = 
  $ ./config.status 

on us-wdc-sl01.5centscdn.com

config.status:1003: creating das.spec
config.status:1003: creating Makefile
config.status:1003: creating etc/Makefile
config.status:1003: creating das/Makefile
config.status:1003: creating lib/Makefile
config.status:1003: creating lib/librtmp/Makefile
config.status:1174: executing depfiles commands
config.status:1174: executing libtool commands
configure:12774: === configuring in lib/json-c (/root/das_new.svn/lib/json-c)
configure:12837: running /bin/bash ./configure --disable-option-checking '--prefix=/usr'  '--sysconfdir=/etc' --cache-file=/dev/null --srcdir=.

## ---------------- ##
## Cache variables. ##
## ---------------- ##

ac_cv_build=x86_64-unknown-linux-gnu
ac_cv_c_compiler_gnu=yes
ac_cv_env_CC_set=
ac_cv_env_CC_value=
ac_cv_env_CFLAGS_set=
ac_cv_env_CFLAGS_value=
ac_cv_env_CPPFLAGS_set=
ac_cv_env_CPPFLAGS_value=
ac_cv_env_CPP_set=
ac_cv_env_CPP_value=
ac_cv_env_LDFLAGS_set=
ac_cv_env_LDFLAGS_value=
ac_cv_env_LIBS_set=
ac_cv_env_LIBS_value=
ac_cv_env_build_alias_set=
ac_cv_env_build_alias_value=
ac_cv_env_host_alias_set=
ac_cv_env_host_alias_value=
ac_cv_env_target_alias_set=
ac_cv_env_target_alias_value=
ac_cv_header_dlfcn_h=yes
ac_cv_header_inttypes_h=yes
ac_cv_header_memory_h=yes
ac_cv_header_stdc=yes
ac_cv_header_stdint_h=yes
ac_cv_header_stdlib_h=yes
ac_cv_header_string_h=yes
ac_cv_header_strings_h=yes
ac_cv_header_sys_stat_h=yes
ac_cv_header_sys_types_h=yes
ac_cv_header_unistd_h=yes
ac_cv_host=x86_64-unknown-linux-gnu
ac_cv_objext=o
ac_cv_path_DEBUILD=/usr/bin/dpkg-buildpackage
ac_cv_path_EGREP='/bin/grep -E'
ac_cv_path_FGREP='/bin/grep -F'
ac_cv_path_GREP=/bin/grep
ac_cv_path_RPM=notfound
ac_cv_path_RPMBUILD=notfound
ac_cv_path_SED=/bin/sed
ac_cv_path_install='/usr/bin/install -c'
ac_cv_path_mkdir=/bin/mkdir
ac_cv_prog_AWK=gawk
ac_cv_prog_CPP='gcc -E'
ac_cv_prog_ac_ct_AR=ar
ac_cv_prog_ac_ct_CC=gcc
ac_cv_prog_ac_ct_OBJDUMP=objdump
ac_cv_prog_ac_ct_RANLIB=ranlib
ac_cv_prog_ac_ct_STRIP=strip
ac_cv_prog_cc_c89=
ac_cv_prog_cc_g=yes
ac_cv_prog_make_make_set=yes
am_cv_CC_dependencies_compiler_type=gcc3
lt_cv_deplibs_check_method=pass_all
lt_cv_file_magic_cmd='$MAGIC_CMD'
lt_cv_file_magic_test_file=
lt_cv_ld_reload_flag=-r
lt_cv_nm_interface='BSD nm'
lt_cv_objdir=.libs
lt_cv_path_LD=/usr/bin/ld
lt_cv_path_NM='/usr/bin/nm -B'
lt_cv_prog_compiler_c_o=yes
lt_cv_prog_compiler_pic_works=yes
lt_cv_prog_compiler_rtti_exceptions=no
lt_cv_prog_compiler_static_works=yes
lt_cv_prog_gnu_ld=yes
lt_cv_sys_global_symbol_pipe='sed -n -e '\''s/^.*[	 ]\([ABCDGIRSTW][ABCDGIRSTW]*\)[	 ][	 ]*\([_A-Za-z][_A-Za-z0-9]*\)$/\1 \2 \2/p'\'''
lt_cv_sys_global_symbol_to_c_name_address='sed -n -e '\''s/^: \([^ ]*\) $/  {\"\1\", (void *) 0},/p'\'' -e '\''s/^[ABCDGIRSTW]* \([^ ]*\) \([^ ]*\)$/  {"\2", (void *) \&\2},/p'\'''
lt_cv_sys_global_symbol_to_c_name_address_lib_prefix='sed -n -e '\''s/^: \([^ ]*\) $/  {\"\1\", (void *) 0},/p'\'' -e '\''s/^[ABCDGIRSTW]* \([^ ]*\) \(lib[^ ]*\)$/  {"\2", (void *) \&\2},/p'\'' -e '\''s/^[ABCDGIRSTW]* \([^ ]*\) \([^ ]*\)$/  {"lib\2", (void *) \&\2},/p'\'''
lt_cv_sys_global_symbol_to_cdecl='sed -n -e '\''s/^T .* \(.*\)$/extern int \1();/p'\'' -e '\''s/^[ABCDGIRSTW]* .* \(.*\)$/extern char \1;/p'\'''
lt_cv_sys_max_cmd_len=1572864

## ----------------- ##
## Output variables. ##
## ----------------- ##

ACLOCAL='${SHELL} /root/das_new.svn/missing --run aclocal-1.11'
AMDEPBACKSLASH='\'
AMDEP_FALSE='#'
AMDEP_TRUE=''
AMTAR='${SHELL} /root/das_new.svn/missing --run tar'
AR='ar'
AUTOCONF='${SHELL} /root/das_new.svn/missing --run autoconf'
AUTOHEADER='${SHELL} /root/das_new.svn/missing --run autoheader'
AUTOMAKE='${SHELL} /root/das_new.svn/missing --run automake-1.11'
AWK='gawk'
BUILDING_DEB_FALSE=''
BUILDING_DEB_TRUE='#'
BUILDING_RPM_FALSE=''
BUILDING_RPM_TRUE='#'
CC='gcc'
CCDEPMODE='depmode=gcc3'
CFLAGS='-g -O2'
CPP='gcc -E'
CPPFLAGS=''
CYGPATH_W='echo'
DEBUILD='/usr/bin/dpkg-buildpackage'
DEFS='-DPACKAGE_NAME=\"DaS\" -DPACKAGE_TARNAME=\"das\" -DPACKAGE_VERSION=\"1.0\" -DPACKAGE_STRING=\"DaS\ 1.0\" -DPACKAGE_BUGREPORT=\"m5l2764k@gmail.com\" -DPACKAGE_URL=\"\" -DSTDC_HEADERS=1 -DHAVE_SYS_TYPES_H=1 -DHAVE_SYS_STAT_H=1 -DHAVE_STDLIB_H=1 -DHAVE_STRING_H=1 -DHAVE_MEMORY_H=1 -DHAVE_STRINGS_H=1 -DHAVE_INTTYPES_H=1 -DHAVE_STDINT_H=1 -DHAVE_UNISTD_H=1 -DHAVE_DLFCN_H=1 -DLT_OBJDIR=\".libs/\"'
DEPDIR='.deps'
DSYMUTIL=''
DUMPBIN=''
ECHO_C=''
ECHO_N='-n'
ECHO_T=''
EGREP='/bin/grep -E'
EXEEXT=''
FGREP='/bin/grep -F'
GREP='/bin/grep'
INSTALL_DATA='${INSTALL} -m 644'
INSTALL_PROGRAM='${INSTALL}'
INSTALL_SCRIPT='${INSTALL}'
INSTALL_STRIP_PROGRAM='$(install_sh) -c -s'
LD='/usr/bin/ld -m elf_x86_64'
LDFLAGS=''
LIBOBJS=''
LIBS=''
LIBTOOL='$(SHELL) $(top_builddir)/libtool'
LIPO=''
LN_S='ln -s'
LTLIBOBJS=''
MAKEINFO='${SHELL} /root/das_new.svn/missing --run makeinfo'
MKDIR_P='/bin/mkdir -p'
NM='/usr/bin/nm -B'
NMEDIT=''
OBJDUMP='objdump'
OBJEXT='o'
OTOOL64=''
OTOOL=''
PACKAGE='das'
PACKAGE_BUGREPORT='m5l2764k@gmail.com'
PACKAGE_NAME='DaS'
PACKAGE_STRING='DaS 1.0'
PACKAGE_TARNAME='das'
PACKAGE_URL=''
PACKAGE_VERSION='1.0'
PATH_SEPARATOR=':'
RANLIB='ranlib'
RPM='notfound'
RPMBUILD='notfound'
SED='/bin/sed'
SET_MAKE=''
SHELL='/bin/bash'
STRIP='strip'
VERSION='1.0'
ac_ct_CC='gcc'
ac_ct_DUMPBIN=''
am__EXEEXT_FALSE=''
am__EXEEXT_TRUE='#'
am__fastdepCC_FALSE='#'
am__fastdepCC_TRUE=''
am__include='include'
am__isrc=''
am__leading_dot='.'
am__quote=''
am__tar='${AMTAR} chof - "$$tardir"'
am__untar='${AMTAR} xf -'
bindir='${exec_prefix}/bin'
build='x86_64-unknown-linux-gnu'
build_alias=''
build_cpu='x86_64'
build_os='linux-gnu'
build_vendor='unknown'
datadir='${datarootdir}'
datarootdir='${prefix}/share'
docdir='${datarootdir}/doc/${PACKAGE_TARNAME}'
dvidir='${docdir}'
exec_prefix='${prefix}'
host='x86_64-unknown-linux-gnu'
host_alias=''
host_cpu='x86_64'
host_os='linux-gnu'
host_vendor='unknown'
htmldir='${docdir}'
includedir='${prefix}/include'
infodir='${datarootdir}/info'
install_sh='${SHELL} /root/das_new.svn/install-sh'
libdir='${exec_prefix}/lib'
libexecdir='${exec_prefix}/libexec'
localedir='${datarootdir}/locale'
localstatedir='${prefix}/var'
lt_ECHO='echo'
mandir='${datarootdir}/man'
mkdir_p='/bin/mkdir -p'
oldincludedir='/usr/include'
pdfdir='${docdir}'
prefix='/usr'
program_transform_name='s,x,x,'
psdir='${docdir}'
sbindir='${exec_prefix}/sbin'
sharedstatedir='${prefix}/com'
subdirs=' lib/json-c'
sysconfdir='/etc'
target_alias=''

## ----------- ##
## confdefs.h. ##
## ----------- ##

/* confdefs.h */
#define PACKAGE_NAME "DaS"
#define PACKAGE_TARNAME "das"
#define PACKAGE_VERSION "1.0"
#define PACKAGE_STRING "DaS 1.0"
#define PACKAGE_BUGREPORT "m5l2764k@gmail.com"
#define PACKAGE_URL ""
#define STDC_HEADERS 1
#define HAVE_SYS_TYPES_H 1
#define HAVE_SYS_STAT_H 1
#define HAVE_STDLIB_H 1
#define HAVE_STRING_H 1
#define HAVE_MEMORY_H 1
#define HAVE_STRINGS_H 1
#define HAVE_INTTYPES_H 1
#define HAVE_STDINT_H 1
#define HAVE_UNISTD_H 1
#define HAVE_DLFCN_H 1
#define LT_OBJDIR ".libs/"

configure: exit 0

## ---------------------- ##
## Running config.status. ##
## ---------------------- ##

This file was extended by DaS config.status 1.0, which was
generated by GNU Autoconf 2.67.  Invocation command line was

  CONFIG_FILES    = 
  CONFIG_HEADERS  = 
  CONFIG_LINKS    = 
  CONFIG_COMMANDS = 
  $ ./config.status Makefile

on us-wdc-sl01.5centscdn.com

config.status:1003: creating Makefile

## ---------------------- ##
## Running config.status. ##
## ---------------------- ##

This file was extended by DaS config.status 1.0, which was
generated by GNU Autoconf 2.67.  Invocation command line was

  CONFIG_FILES    = 
  CONFIG_HEADERS  = 
  CONFIG_LINKS    = 
  CONFIG_COMMANDS = 
  $ ./config.status lib/Makefile

on us-wdc-sl01.5centscdn.com

config.status:1003: creating lib/Makefile

## ---------------------- ##
## Running config.status. ##
## ---------------------- ##

This file was extended by DaS config.status 1.0, which was
generated by GNU Autoconf 2.67.  Invocation command line was

  CONFIG_FILES    = 
  CONFIG_HEADERS  = 
  CONFIG_LINKS    = 
  CONFIG_COMMANDS = 
  $ ./config.status lib/librtmp/Makefile depfiles

on us-wdc-sl01.5centscdn.com

config.status:1003: creating lib/librtmp/Makefile
config.status:1174: executing depfiles commands

## ---------------------- ##
## Running config.status. ##
## ---------------------- ##

This file was extended by DaS config.status 1.0, which was
generated by GNU Autoconf 2.67.  Invocation command line was

  CONFIG_FILES    = 
  CONFIG_HEADERS  = 
  CONFIG_LINKS    = 
  CONFIG_COMMANDS = 
  $ ./config.status das/Makefile depfiles

on us-wdc-sl01.5centscdn.com

config.status:1003: creating das/Makefile
config.status:1174: executing depfiles commands

## ---------------------- ##
## Running config.status. ##
## ---------------------- ##

This file was extended by DaS config.status 1.0, which was
generated by GNU Autoconf 2.67.  Invocation command line was

  CONFIG_FILES    = 
  CONFIG_HEADERS  = 
  CONFIG_LINKS    = 
  CONFIG_COMMANDS = 
  $ ./config.status etc/Makefile

on us-wdc-sl01.5centscdn.com

config.status:1003: creating etc/Makefile
